SF:lib/features/auth/data/datasources/auth_remote_datasource.dart
DA:19,1
DA:24,1
DA:26,2
DA:28,2
DA:30,0
DA:34,1
DA:36,4
DA:37,1
DA:39,1
DA:41,0
DA:43,1
DA:44,0
DA:48,1
DA:50,4
DA:51,1
DA:53,1
DA:55,0
DA:57,1
DA:58,0
DA:62,0
DA:64,0
DA:66,0
DA:67,0
DA:71,0
DA:72,0
DA:73,0
DA:74,0
DA:75,0
DA:78,0
DA:82,0
DA:84,0
DA:86,0
DA:87,0
DA:88,0
DA:89,0
DA:91,0
DA:92,0
DA:95,0
DA:96,0
DA:97,0
DA:98,0
DA:99,0
DA:106,1
DA:108,3
DA:109,0
LF:45
LH:16
end_of_record
SF:lib/features/auth/data/models/user_model.dart
DA:12,2
DA:19,1
DA:20,1
DA:21,1
DA:22,1
DA:23,1
DA:24,1
DA:28,2
DA:29,1
DA:30,1
DA:31,1
DA:32,1
DA:35,0
DA:36,0
DA:37,0
DA:38,0
DA:39,0
DA:40,0
LF:18
LH:12
end_of_record
SF:lib/features/auth/domain/entities/user_entity.dart
DA:9,6
DA:16,1
DA:17,1
DA:18,1
DA:19,1
DA:20,1
DA:21,1
LF:7
LH:7
end_of_record
SF:lib/features/auth/data/repositories/auth_repository_impl.dart
DA:8,1
DA:10,1
DA:13,2
DA:14,1
DA:16,2
DA:20,1
DA:23,2
DA:24,1
DA:26,2
DA:30,1
DA:33,2
DA:34,1
DA:36,2
DA:40,1
DA:43,2
DA:44,1
DA:46,2
DA:50,1
DA:53,2
DA:54,1
DA:56,2
DA:60,1
DA:62,3
DA:63,0
LF:24
LH:23
end_of_record
SF:lib/features/auth/domain/usecases/auth_usecase_get_current_user.dart
DA:7,1
DA:9,1
DA:11,2
DA:13,2
LF:4
LH:4
end_of_record
SF:lib/features/auth/domain/usecases/auth_usecase_login_with_facebook.dart
DA:7,1
DA:9,1
DA:10,2
LF:3
LH:3
end_of_record
SF:lib/features/auth/domain/usecases/auth_usecase_login.dart
DA:7,1
DA:9,1
DA:11,2
DA:13,2
LF:4
LH:4
end_of_record
SF:lib/features/auth/domain/usecases/auth_usecase_login_with_google.dart
DA:7,0
DA:9,0
DA:10,0
LF:3
LH:0
end_of_record
SF:lib/features/auth/domain/usecases/auth_usecase_logout.dart
DA:6,1
DA:8,1
DA:10,2
DA:12,2
LF:4
LH:4
end_of_record
SF:lib/features/auth/domain/usecases/auth_usecase_register.dart
DA:7,1
DA:9,1
DA:10,2
LF:3
LH:3
end_of_record
SF:lib/features/auth/presentation/cubit/auth_state.dart
DA:4,1
DA:6,1
DA:7,1
DA:17,1
DA:19,1
DA:20,2
DA:28,1
DA:30,1
DA:31,2
LF:9
LH:9
end_of_record
SF:lib/features/auth/presentation/cubit/auth_cubit.dart
DA:21,1
DA:28,2
DA:30,1
DA:31,2
DA:33,2
DA:35,2
DA:37,2
DA:40,2
DA:44,1
DA:45,2
DA:47,2
DA:48,2
DA:50,3
DA:54,1
DA:55,2
DA:57,2
DA:58,2
DA:60,3
DA:64,1
DA:65,2
DA:67,2
DA:68,2
DA:70,3
DA:74,1
DA:75,2
DA:77,2
DA:78,2
DA:80,3
DA:81,2
DA:85,1
DA:86,2
DA:88,2
DA:89,2
DA:91,3
LF:34
LH:34
end_of_record
